1/32 (0) [0]
2/32 (1) [0]
3/32 (2) [0]
4/32 (3) [0]
5/32 (4) [0]
6/32 (5) [0]
7/32 (6) [0]
8/32 (7) [0]
9/32 (8) [0]
10/32 (9) [0]
11/32 (10) [0]
12/32 (11) [0]
13/32 (12) [0]
14/32 (13) [0]
15/32 (14) [0]
16/32 (15) [0]
17/32 (16) [0]
18/32 (17) [0]
19/32 (18) [0]
20/32 (19) [0]
21/32 (20) [0]
22/32 (21) [0]
23/32 (22) [0]
24/32 (23) [0]
25/32 (24) [0]
26/32 (25) [0]
27/32 (26) [0]
28/32 (27) [0]
29/32 (28) [0]
30/32 (29) [0]
31/32 (30) [0]
32/32 (31) [0]
Created branch 'etf-history'
4f82609898aa61c04d62755ea547e9e03634470a
